0 info it worked if it ends with ok
1 verbose cli [ '/usr/local/bin/node',
1 verbose cli   '/usr/local/bin/npm',
1 verbose cli   'install',
1 verbose cli   'supervisor',
1 verbose cli   '-g' ]
2 info using npm@1.4.21
3 info using node@v0.10.30
4 verbose cache add [ 'supervisor', null ]
5 verbose cache add name=undefined spec="supervisor" args=["supervisor",null]
6 verbose parsed url { protocol: null,
6 verbose parsed url   slashes: null,
6 verbose parsed url   auth: null,
6 verbose parsed url   host: null,
6 verbose parsed url   port: null,
6 verbose parsed url   hostname: null,
6 verbose parsed url   hash: null,
6 verbose parsed url   search: null,
6 verbose parsed url   query: null,
6 verbose parsed url   pathname: 'supervisor',
6 verbose parsed url   path: 'supervisor',
6 verbose parsed url   href: 'supervisor' }
7 silly lockFile 0f4d09e4-supervisor supervisor
8 verbose lock supervisor /home/wafaa/.npm/0f4d09e4-supervisor.lock
9 silly lockFile 0f4d09e4-supervisor supervisor
10 silly lockFile 0f4d09e4-supervisor supervisor
11 verbose addNamed [ 'supervisor', '' ]
12 verbose addNamed [ null, '*' ]
13 silly lockFile b28163ae-supervisor supervisor@
14 verbose lock supervisor@ /home/wafaa/.npm/b28163ae-supervisor.lock
15 silly addNameRange { name: 'supervisor', range: '*', hasData: false }
16 verbose request where is /supervisor
17 verbose request registry https://registry.npmjs.org/
18 verbose request id 7867efa339debb01
19 verbose url raw /supervisor
20 verbose url resolving [ 'https://registry.npmjs.org/', './supervisor' ]
21 verbose url resolved https://registry.npmjs.org/supervisor
22 verbose request where is https://registry.npmjs.org/supervisor
23 info trying registry request attempt 1 at 00:58:23
24 verbose etag W/"58e5a9bc-1102e"
25 http GET https://registry.npmjs.org/supervisor
26 http 304 https://registry.npmjs.org/supervisor
27 silly registry.get cb [ 304,
27 silly registry.get   { date: 'Sat, 08 Apr 2017 10:58:32 GMT',
27 silly registry.get     via: '1.1 varnish',
27 silly registry.get     'cache-control': 'max-age=300',
27 silly registry.get     etag: 'W/"58e5a9bc-1102e"',
27 silly registry.get     age: '0',
27 silly registry.get     connection: 'keep-alive',
27 silly registry.get     'x-served-by': 'cache-fra1248-FRA',
27 silly registry.get     'x-cache': 'HIT',
27 silly registry.get     'x-cache-hits': '1',
27 silly registry.get     'x-timer': 'S1491649113.597086,VS0,VE1',
27 silly registry.get     vary: 'Accept-Encoding' } ]
28 verbose etag https://registry.npmjs.org/supervisor from cache
29 silly addNameRange number 2 { name: 'supervisor', range: '*', hasData: true }
30 silly addNameRange versions [ 'supervisor',
30 silly addNameRange   [ '0.0.4',
30 silly addNameRange     '0.0.5',
30 silly addNameRange     '0.0.6',
30 silly addNameRange     '0.1.0',
30 silly addNameRange     '0.1.1',
30 silly addNameRange     '0.1.2',
30 silly addNameRange     '0.1.3',
30 silly addNameRange     '0.2.0',
30 silly addNameRange     '0.3.0',
30 silly addNameRange     '0.3.1',
30 silly addNameRange     '0.3.2',
30 silly addNameRange     '0.3.3',
30 silly addNameRange     '0.3.4',
30 silly addNameRange     '0.3.5',
30 silly addNameRange     '0.3.6',
30 silly addNameRange     '0.4.0',
30 silly addNameRange     '0.4.1',
30 silly addNameRange     '0.5.0',
30 silly addNameRange     '0.5.1',
30 silly addNameRange     '0.5.2',
30 silly addNameRange     '0.5.3',
30 silly addNameRange     '0.5.4',
30 silly addNameRange     '0.5.5',
30 silly addNameRange     '0.5.6',
30 silly addNameRange     '0.5.7',
30 silly addNameRange     '0.6.0',
30 silly addNameRange     '0.7.0',
30 silly addNameRange     '0.7.1',
30 silly addNameRange     '0.8.0',
30 silly addNameRange     '0.9.0',
30 silly addNameRange     '0.9.1',
30 silly addNameRange     '0.10.0',
30 silly addNameRange     '0.11.0',
30 silly addNameRange     '0.12.0' ] ]
31 verbose addNamed [ 'supervisor', '0.12.0' ]
32 verbose addNamed [ '0.12.0', '0.12.0' ]
33 silly lockFile 4c63e07a-supervisor-0-12-0 supervisor@0.12.0
34 verbose lock supervisor@0.12.0 /home/wafaa/.npm/4c63e07a-supervisor-0-12-0.lock
35 silly lockFile 4c63e07a-supervisor-0-12-0 supervisor@0.12.0
36 silly lockFile 4c63e07a-supervisor-0-12-0 supervisor@0.12.0
37 silly lockFile b28163ae-supervisor supervisor@
38 silly lockFile b28163ae-supervisor supervisor@
39 silly resolved [ { name: 'supervisor',
39 silly resolved     version: '0.12.0',
39 silly resolved     description: 'A supervisor program for running nodejs programs',
39 silly resolved     author: { name: 'Isaac Z. Schlueter', email: 'i@izs.me' },
39 silly resolved     license: 'MIT',
39 silly resolved     contributors:
39 silly resolved      [ [Object],
39 silly resolved        [Object],
39 silly resolved        [Object],
39 silly resolved        [Object],
39 silly resolved        [Object],
39 silly resolved        [Object],
39 silly resolved        [Object],
39 silly resolved        [Object],
39 silly resolved        [Object],
39 silly resolved        [Object],
39 silly resolved        [Object],
39 silly resolved        [Object],
39 silly resolved        [Object],
39 silly resolved        [Object],
39 silly resolved        [Object],
39 silly resolved        [Object],
39 silly resolved        [Object],
39 silly resolved        [Object],
39 silly resolved        [Object],
39 silly resolved        [Object],
39 silly resolved        [Object],
39 silly resolved        [Object],
39 silly resolved        [Object],
39 silly resolved        [Object],
39 silly resolved        [Object],
39 silly resolved        [Object],
39 silly resolved        [Object] ],
39 silly resolved     repository:
39 silly resolved      { type: 'git',
39 silly resolved        url: 'git://github.com/petruisfan/node-supervisor.git' },
39 silly resolved     bugs: { url: 'https://github.com/petruisfan/node-supervisor/issues' },
39 silly resolved     homepage: 'https://github.com/petruisfan/node-supervisor/',
39 silly resolved     main: 'lib/supervisor.js',
39 silly resolved     bin:
39 silly resolved      { 'node-supervisor': 'lib/cli-wrapper.js',
39 silly resolved        supervisor: 'lib/cli-wrapper.js' },
39 silly resolved     engines: { node: '>=0.6.0' },
39 silly resolved     scripts: { test: './node_modules/nodeunit/bin/nodeunit test/*.test.js' },
39 silly resolved     preferGlobal: true,
39 silly resolved     devDependencies: { nodeunit: '~0.9.0' },
39 silly resolved     gitHead: '85d92db02a651d8523f1a787a5c474668afb97b3',
39 silly resolved     _id: 'supervisor@0.12.0',
39 silly resolved     _shasum: 'de7e6337015b291851c10f3538c4a7f04917ecc1',
39 silly resolved     _from: 'supervisor@',
39 silly resolved     _npmVersion: '3.10.9',
39 silly resolved     _nodeVersion: '7.1.0',
39 silly resolved     _npmUser: { name: 'petruisfan', email: 'petru.isfan@gmail.com' },
39 silly resolved     dist:
39 silly resolved      { shasum: 'de7e6337015b291851c10f3538c4a7f04917ecc1',
39 silly resolved        tarball: 'https://registry.npmjs.org/supervisor/-/supervisor-0.12.0.tgz' },
39 silly resolved     maintainers: [ [Object], [Object], [Object] ],
39 silly resolved     _npmOperationalInternal:
39 silly resolved      { host: 'packages-18-east.internal.npmjs.com',
39 silly resolved        tmp: 'tmp/supervisor-0.12.0.tgz_1479139275369_0.17911596107296646' },
39 silly resolved     directories: {},
39 silly resolved     _resolved: 'https://registry.npmjs.org/supervisor/-/supervisor-0.12.0.tgz',
39 silly resolved     readme: 'ERROR: No README data found!' } ]
40 info install supervisor@0.12.0 into /usr/local/lib
41 info installOne supervisor@0.12.0
42 verbose lib/node_modules/supervisor unbuild
43 verbose tar unpack /home/wafaa/.npm/supervisor/0.12.0/package.tgz
44 silly lockFile 108aea87-ocal-lib-node-modules-supervisor tar:///usr/local/lib/node_modules/supervisor
45 verbose lock tar:///usr/local/lib/node_modules/supervisor /home/wafaa/.npm/108aea87-ocal-lib-node-modules-supervisor.lock
46 silly lockFile 769d2e34-pm-supervisor-0-12-0-package-tgz tar:///home/wafaa/.npm/supervisor/0.12.0/package.tgz
47 verbose lock tar:///home/wafaa/.npm/supervisor/0.12.0/package.tgz /home/wafaa/.npm/769d2e34-pm-supervisor-0-12-0-package-tgz.lock
48 silly gunzTarPerm modes [ '775', '664' ]
49 error Error: EACCES, mkdir '/usr/local/lib/node_modules/supervisor'
49 error  { [Error: EACCES, mkdir '/usr/local/lib/node_modules/supervisor']
49 error   errno: 3,
49 error   code: 'EACCES',
49 error   path: '/usr/local/lib/node_modules/supervisor',
49 error   fstream_type: 'Directory',
49 error   fstream_path: '/usr/local/lib/node_modules/supervisor',
49 error   fstream_class: 'DirWriter',
49 error   fstream_stack:
49 error    [ '/usr/local/lib/node_modules/npm/node_modules/fstream/lib/dir-writer.js:36:23',
49 error      '/usr/local/lib/node_modules/npm/node_modules/mkdirp/index.js:37:53',
49 error      'Object.oncomplete (fs.js:107:15)' ] }
50 error Please try running this command again as root/Administrator.
51 error System Linux 3.10.0-514.10.2.el7.x86_64
52 error command "/usr/local/bin/node" "/usr/local/bin/npm" "install" "supervisor" "-g"
53 error cwd /home/wafaa/Documents/iti/nodejsProject
54 error node -v v0.10.30
55 error npm -v 1.4.21
56 error path /usr/local/lib/node_modules/supervisor
57 error fstream_path /usr/local/lib/node_modules/supervisor
58 error fstream_type Directory
59 error fstream_class DirWriter
60 error code EACCES
61 error errno 3
62 error stack Error: EACCES, mkdir '/usr/local/lib/node_modules/supervisor'
63 error fstream_stack /usr/local/lib/node_modules/npm/node_modules/fstream/lib/dir-writer.js:36:23
63 error fstream_stack /usr/local/lib/node_modules/npm/node_modules/mkdirp/index.js:37:53
63 error fstream_stack Object.oncomplete (fs.js:107:15)
64 verbose exit [ 3, true ]
